[2025.06.04-14.19.25:1749064765]LogSystem: Initializing Platform Crash Handler...
[2025.06.04-14.19.25:1749064765]LogFileSystem: Initializing FileSystem...
[2025.06.04-14.19.25:1749064765]LogFileSystem: GameDirectory: /media/noah/ab8ebf4d-ded3-46a9-983a-3545cd58109e/noah/Projects/TheNomad/Editor
[2025.06.04-14.19.25:1749064765]LogFileSystem: Adding directory "/media/noah/ab8ebf4d-ded3-46a9-983a-3545cd58109e/noah/Projects/TheNomad/Editor/obj" to file cache...
[2025.06.04-14.19.25:1749064765]LogFileSystem: Adding directory "/media/noah/ab8ebf4d-ded3-46a9-983a-3545cd58109e/noah/Projects/TheNomad/Editor/ThirdParty" to file cache...
[2025.06.04-14.19.25:1749064765]LogFileSystem: Adding directory "/media/noah/ab8ebf4d-ded3-46a9-983a-3545cd58109e/noah/Projects/TheNomad/Editor/Source" to file cache...
[2025.06.04-14.19.25:1749064765]LogFileSystem: Adding directory "/media/noah/ab8ebf4d-ded3-46a9-983a-3545cd58109e/noah/Projects/TheNomad/Editor/Resources" to file cache...
[2025.06.04-14.19.25:1749064765]LogFileSystem: Adding directory "/media/noah/ab8ebf4d-ded3-46a9-983a-3545cd58109e/noah/Projects/TheNomad/Editor/Config" to file cache...
[2025.06.04-14.19.25:1749064765]LogFileSystem: Adding directory "/media/noah/ab8ebf4d-ded3-46a9-983a-3545cd58109e/noah/Projects/TheNomad/Editor/CMakeFiles" to file cache...
[2025.06.04-14.19.25:1749064765]LogConsoleSystem: Registering CVar "e.LogLevel"...
[2025.06.04-14.19.25:1749064765]LogConsoleSystem: Registering CVar "e.LogToFile"...
[2025.06.04-14.19.25:1749064765]LogConsoleSystem: Registering CVar "e.LogIncludeFileInfo"...
[2025.06.04-14.19.25:1749064765]LogConsoleSystem: Registering CVar "e.LogIncludeTimeInfo"...
[2025.06.04-14.19.25:1749064765]LogFileSystem: Opened file "/media/noah/ab8ebf4d-ded3-46a9-983a-3545cd58109e/noah/Projects/TheNomad/Editor/Config/debug.log"
[2025.06.04-14.19.25:1749064765]LogConsoleSystem: Registering CVar "vid.WindowMode"...
[2025.06.04-14.19.25:1749064765]LogConsoleSystem: Registering CVar "vid.RenderAPI"...
[2025.06.04-14.19.25:1749064765]LogConsoleSystem: Registering CVar "vid.VSync"...
[2025.06.04-14.19.25:1749064765]LogConsoleSystem: Registering CVar "r.AntiAliasType"...
[2025.06.04-14.19.25:1749064765]LogConsoleSystem: Registering CVar "r.AntiAliasQuality"...
[2025.06.04-14.19.25:1749064765]LogConsoleSystem: Registering CVar "e.MaxPushedEvents"...
[2025.06.04-14.19.25:1749064765]LogConsoleSystem: Registering CVar "in.InputDeviceCount"...
[2025.06.04-14.19.25:1749064765]LogConsoleSystem: Registering CVar "in.JoystickDeviceCount"...
[2025.06.04-14.19.25:1749064765]LogConsoleSystem: Registering CVar "in.HapticDeviceCount"...
[2025.06.04-14.19.25:1749064765]LogConsoleSystem: Registering CVar "in.HapticFeedbackEnabled"...
[2025.06.04-14.19.25:1749064765] Loading Engine Configuration...
[2025.06.04-14.19.25:1749064765]LogFileSystem: Searching for file in "/media/noah/ab8ebf4d-ded3-46a9-983a-3545cd58109e/noah/Projects/TheNomad/Editor/Config/config.json"...
[2025.06.04-14.19.25:1749064765]LogFileSystem: Opened file "/media/noah/ab8ebf4d-ded3-46a9-983a-3545cd58109e/noah/Projects/TheNomad/Editor/Config/config.json"
[2025.06.04-14.19.25:1749064765]LogFileSystem: Loaded cached virtual file "config.json" (241 bytes).

[2025.06.04-14.19.25:1749064765]LogConsoleSystem: Loading cvar value "r.AntiAliasQuality" from section "RendererConfig"...
[2025.06.04-14.19.25:1749064765]LogConsoleSystem: Loading cvar value "r.AntiAliasType" from section "RendererConfig"...
[2025.06.04-14.19.25:1749064765]LogConsoleSystem: Loading cvar value "in.HapticFeedbackEnabled" from section "EngineConfig"...
[2025.06.04-14.19.25:1749064765]LogConsoleSystem: Loading cvar value "vid.VSync" from section "RendererConfig"...
[2025.06.04-14.19.25:1749064765]LogConsoleSystem: Loading cvar value "vid.RenderAPI" from section "RendererConfig"...
[2025.06.04-14.19.25:1749064765]LogConsoleSystem: Loading cvar value "e.LogLevel" from section "EngineConfig"...
[2025.06.04-14.19.25:1749064765]LogConsoleSystem: Loading cvar value "vid.WindowMode" from section "RendererConfig"...
[2025.06.04-14.19.25:1749064765]LogConsoleSystem: Loading cvar value "e.LogToFile" from section "EngineConfig"...
[2025.06.04-14.19.25:1749064765]LogRenderBackend: Initializing RenderBackend...
[2025.06.04-14.19.25:1749064765]LogEventSystem: Initializing SIREngine EventSystem...
[2025.06.04-14.19.26:1749064766]LogInputSystem: SDL_InitSubSystem( SDL_INIT_HAPTIC )
[2025.06.04-14.19.27:1749064767]LogInputSystem: SDL_Haptic SubSystem Initialized.
[2025.06.04-14.19.27:1749064767]LogInputSystem: Joystick Device 1 opened.
[2025.06.04-14.19.27:1749064767]LogInputSystem:   NAME: Steam Virtual Gamepad
[2025.06.04-14.19.27:1749064767]LogInputSystem:   AXES: 6
[2025.06.04-14.19.27:1749064767]LogInputSystem:   BALLS: 0
[2025.06.04-14.19.27:1749064767]LogInputSystem:   BUTTONS: 11
[2025.06.04-14.19.27:1749064767]LogInputSystem:   HATS: 1
[2025.06.04-14.19.27:1749064767]LogInputSystem:   INSTANCE ID: 1
[2025.06.04-14.19.27:1749064767]LogInputSystem:   IS_GAMEPAD: Yes
[2025.06.04-14.19.27:1749064767]LogInputSystem: Joystick Device 2 opened.
[2025.06.04-14.19.27:1749064767]LogInputSystem:   NAME: Xbox 360 Controller
[2025.06.04-14.19.27:1749064767]LogInputSystem:   AXES: 6
[2025.06.04-14.19.27:1749064767]LogInputSystem:   BALLS: 0
[2025.06.04-14.19.27:1749064767]LogInputSystem:   BUTTONS: 11
[2025.06.04-14.19.27:1749064767]LogInputSystem:   HATS: 1
[2025.06.04-14.19.27:1749064767]LogInputSystem:   INSTANCE ID: 2
[2025.06.04-14.19.27:1749064767]LogInputSystem:   IS_GAMEPAD: Yes
[2025.06.04-14.19.27:1749064767]LogInputSystem: Joystick Device 3 opened.
[2025.06.04-14.19.27:1749064767]LogInputSystem:   NAME: Generic X-Box pad
[2025.06.04-14.19.27:1749064767]LogInputSystem:   AXES: 6
[2025.06.04-14.19.27:1749064767]LogInputSystem:   BALLS: 0
[2025.06.04-14.19.27:1749064767]LogInputSystem:   BUTTONS: 11
[2025.06.04-14.19.27:1749064767]LogInputSystem:   HATS: 1
[2025.06.04-14.19.27:1749064767]LogInputSystem:   INSTANCE ID: 3
[2025.06.04-14.19.27:1749064767]LogInputSystem:   IS_GAMEPAD: Yes
[2025.06.04-14.19.27:1749064767]LogValden: Initializing ImGui Context...
[2025.06.04-14.19.27:1749064767]LogValden: Creating ContentBrowser instance...
[2025.06.04-14.19.27:1749064767]LogSystem: SIREngine MetaData:
[2025.06.04-14.19.27:1749064767]LogSystem:   Engine Version: SIRENGINE_VERSION
[2025.06.04-14.19.27:1749064767]LogInputSystem: Not enough player slots for device 0
[2025.06.04-14.19.27:1749064767]LogInputSystem: Not enough player slots for device 1
[2025.06.04-14.19.27:1749064767]LogInputSystem: Not enough player slots for device 2
[2025.06.04-14.19.27:1749064767]LogInputSystem: Not enough player slots for device 3
